<?xml version="1.0" encoding="UTF-8"?>
<!-- Generated by org.testng.reporters.JUnitReportReporter -->
<testsuite hostname="LTIN511287" failures="0" tests="1" name="TestCase.TC_04_Language_DropDown" time="0.460" errors="0" timestamp="2024-04-02T12:16:20 IST" skipped="0">
  <testcase classname="TestCase.TC_04_Language_DropDown" name="listLang" time="0.460"/>
</testsuite> <!-- TestCase.TC_04_Language_DropDown -->
