<?xml version="1.0" encoding="UTF-8"?>
<!-- Generated by org.testng.reporters.JUnitReportReporter -->
<testsuite hostname="LTIN511287" failures="0" tests="1" name="TestCase.TC_05_ToolTipList" time="14.895" errors="0" timestamp="2024-04-02T12:16:20 IST" skipped="0">
  <testcase classname="TestCase.TC_05_ToolTipList" name="validateGsdDetails" time="14.895"/>
</testsuite> <!-- TestCase.TC_05_ToolTipList -->
