<?xml version="1.0" encoding="UTF-8"?>
<!-- Generated by org.testng.reporters.JUnitReportReporter -->
<testsuite hostname="LTIN511287" failures="0" tests="1" name="TestCase.TC_01_UserValidation" time="7.594" errors="0" timestamp="2024-04-02T12:16:20 IST" skipped="0">
  <testcase classname="TestCase.TC_01_UserValidation" name="userInfo" time="7.594"/>
</testsuite> <!-- TestCase.TC_01_UserValidation -->
